\BOOKMARK [2][-]{subsection*.1}{Keywords}{}% 1
\BOOKMARK [2][-]{subsection*.2}{Abbreviations}{}% 2
\BOOKMARK [1][-]{section*.3}{Introduction}{}% 3
\BOOKMARK [1][-]{section*.10}{Methods}{}% 4
\BOOKMARK [2][-]{subsection*.11}{Compound selection and procurement}{section*.10}% 5
\BOOKMARK [2][-]{subsection*.14}{UV-metric pKa measurements}{section*.10}% 6
\BOOKMARK [2][-]{subsection*.15}{UV-metric pKa measurement with cosolvent}{section*.10}% 7
\BOOKMARK [2][-]{subsection*.17}{Calculation of uncertainty in pKa measurements}{section*.10}% 8
\BOOKMARK [2][-]{subsection*.18}{Protonation site determination with NMR}{section*.10}% 9
\BOOKMARK [2][-]{subsection*.20}{Quality control for chemicals}{section*.10}% 10
\BOOKMARK [1][-]{section*.21}{Results}{}% 11
\BOOKMARK [2][-]{subsection*.22}{Spectrophotometric pKa measurements}{section*.21}% 12
\BOOKMARK [2][-]{subsection*.26}{Impact of cosolvent to UV-metric pKa measurements}{section*.21}% 13
\BOOKMARK [2][-]{subsection*.28}{Purity of SAMPL6 compounds}{section*.21}% 14
\BOOKMARK [2][-]{subsection*.30}{Characterization of SM07 microstates with NMR}{section*.21}% 15
\BOOKMARK [1][-]{section*.32}{Discussion}{}% 16
\BOOKMARK [1][-]{section*.40}{Code and data availability}{}% 17
\BOOKMARK [1][-]{section*.42}{Overview of supplementary information}{}% 18
\BOOKMARK [1][-]{section*.43}{Author Contributions}{}% 19
\BOOKMARK [1][-]{section*.45}{Acknowledgments}{}% 20
\BOOKMARK [1][-]{section*.47}{Disclosures}{}% 21
